# Running on sls-520-3
# Started at Thu Dec 10 21:10:28 EST 2015
# lattice.sh 0 conf/nutrition.conf 
lattice-add-penalty --word-ins-penalty=0.0 ark:- ark:- 
lattice-scale --inv-acoustic-scale=10 'ark:gunzip -c /data/sls/scratch/nbravo/kaldi/egs/gale_arabic.complete/s5/exp/nnet2_online/nnet_a_gpu_online/decode_test/lat.nbravo-4000-9-2.gz|' ark:- 
lattice-best-path --word-symbol-table=/data/sls/scratch/nbravo/gstreamer/test/models/english/nutrition/words.txt ark:- ark,t:/data/sls/scratch/nbravo/kaldi/egs/gale_arabic.complete/s5/exp/nnet2_online/nnet_a_gpu_online/decode_test/nbravo-4000-9-2.tra 
LOG (lattice-scale:main():lattice-scale.cc:90) Done 23 lattices.
LOG (lattice-best-path:main():lattice-best-path.cc:99) For utterance APLKN69AD84R8-30845ADoEDSi0zOJr-3807, best cost 90.1751 + -225.319 = -135.144 over 681 frames.
APLKN69AD84R8-30845ADoEDSi0zOJr-3807 hi i ate a cool berry muffin with hot chocolate 
LOG (lattice-best-path:main():lattice-best-path.cc:99) For utterance AQHBP1TIENEO8-31268JIMFVqgo4Q80-249, best cost 36.681 + -165.3 = -128.619 over 430 frames.
AQHBP1TIENEO8-31268JIMFVqgo4Q80-249 i had a glass of chocolate milk 
LOG (lattice-best-path:main():lattice-best-path.cc:99) For utterance AQHBP1TIENEO8-31268JIMFVqgo4Q80-263, best cost 19.0383 + -59.5269 = -40.4886 over 365 frames.
AQHBP1TIENEO8-31268JIMFVqgo4Q80-263 i 
LOG (lattice-best-path:main():lattice-best-path.cc:99) For utterance AQHBP1TIENEO8-31268LBDmaDh8HB9s-513, best cost 58.1724 + -276.431 = -218.259 over 644 frames.
AQHBP1TIENEO8-31268LBDmaDh8HB9s-513 one bowl of kellogg's frosted flakes with whole milk 
LOG (lattice-best-path:main():lattice-best-path.cc:99) For utterance AQHBP1TIENEO8-31268TmNzMV1OYbE8-564, best cost 83.7073 + -244.91 = -161.203 over 588 frames.
AQHBP1TIENEO8-31268TmNzMV1OYbE8-564 for a snack i had double stuffed meat biscuit oreos 
LOG (lattice-add-penalty:main():lattice-add-penalty.cc:62) Done adding word insertion penalty to 23 lattices.
LOG (lattice-best-path:main():lattice-best-path.cc:99) For utterance AQHBP1TIENEO8-31268VoJFnpYhuuqC-180, best cost 56.7051 + -195.095 = -138.389 over 634 frames.
AQHBP1TIENEO8-31268VoJFnpYhuuqC-180 i had a cold slice of dominoes 
LOG (lattice-best-path:main():lattice-best-path.cc:99) For utterance AQHBP1TIENEO8-31268VoJFnpYhuuqC-192, best cost 92.5866 + -276.195 = -183.608 over 699 frames.
AQHBP1TIENEO8-31268VoJFnpYhuuqC-192 two grilled chicken thighs two tortillas ketchup lettuce and water 
LOG (lattice-best-path:main():lattice-best-path.cc:99) For utterance AQHBP1TIENEO8-31268aPQ681G29Aw5-568, best cost 44.5262 + -179.707 = -135.181 over 458 frames.
AQHBP1TIENEO8-31268aPQ681G29Aw5-568 i had five ounces of salted peanuts 
LOG (lattice-best-path:main():lattice-best-path.cc:99) For utterance AQHBP1TIENEO8-31268aPQ681G29Aw5-572, best cost 70.499 + -188.074 = -117.575 over 472 frames.
AQHBP1TIENEO8-31268aPQ681G29Aw5-572 last night i had homemade of the can lasagna 
LOG (lattice-best-path:main():lattice-best-path.cc:99) For utterance AQHBP1TIENEO8-31268aPQ681G29Aw5-602, best cost 39.4991 + -173.555 = -134.056 over 444 frames.
AQHBP1TIENEO8-31268aPQ681G29Aw5-602 i had a bowl of lucky charms cereal 
LOG (lattice-best-path:main():lattice-best-path.cc:99) For utterance AQHBP1TIENEO8-31268g9b2eM7cfuJd-367, best cost 55.5318 + -187.476 = -131.945 over 481 frames.
AQHBP1TIENEO8-31268g9b2eM7cfuJd-367 i had raw sugar snap peas with hummus 
LOG (lattice-best-path:main():lattice-best-path.cc:99) For utterance AQHBP1TIENEO8-31268p19Flvtk4O2M-53, best cost 62.7851 + -214.815 = -152.03 over 560 frames.
AQHBP1TIENEO8-31268p19Flvtk4O2M-53 with a side of homestyle instant mashed potatoes 
LOG (lattice-best-path:main():lattice-best-path.cc:99) For utterance AQHBP1TIENEO8-31268rA22eWOFPN3L-382, best cost 67.8598 + -206.733 = -138.874 over 518 frames.
AQHBP1TIENEO8-31268rA22eWOFPN3L-382 i today i had homemade taco salad for lunch 
LOG (lattice-best-path:main():lattice-best-path.cc:99) For utterance AVOF14300525D-31268rvnS6XVGmtoH-137, best cost 51.4652 + -156.672 = -105.207 over 472 frames.
AVOF14300525D-31268rvnS6XVGmtoH-137 i had roasted asparagus for a snack today 
LOG (lattice-best-path:main():lattice-best-path.cc:99) For utterance AVOF14300525D-31268rvnS6XVGmtoH-139, best cost 66.1585 + -129.211 = -63.0528 over 420 frames.
AVOF14300525D-31268rvnS6XVGmtoH-139 it was full of vegetables and a little chicken 
LOG (lattice-best-path:main():lattice-best-path.cc:99) For utterance AWVU81A52L2LE-30845HT1QRVUw5BKi-1519, best cost 24.9024 + -89.1609 = -64.2585 over 275 frames.
AWVU81A52L2LE-30845HT1QRVUw5BKi-1519 i had one banana 
LOG (lattice-best-path:main():lattice-best-path.cc:99) For utterance AWVU81A52L2LE-30845HT1QRVUw5BKi-1525, best cost 53.0599 + -178.349 = -125.289 over 497 frames.
AWVU81A52L2LE-30845HT1QRVUw5BKi-1525 i had a banana and eight string cheese 
LOG (lattice-best-path:main():lattice-best-path.cc:99) For utterance AWVU81A52L2LE-30845KCIMUrl4Ee3W-1237, best cost 50.0104 + -165.669 = -115.659 over 399 frames.
AWVU81A52L2LE-30845KCIMUrl4Ee3W-1237 for breakfast i ate two homemade pancakes 
LOG (lattice-best-path:main():lattice-best-path.cc:99) For utterance AWVU81A52L2LE-30845OSkIPy567rPx-1091, best cost 28.2717 + -96.6658 = -68.3941 over 339 frames.
AWVU81A52L2LE-30845OSkIPy567rPx-1091 i had some water 
LOG (lattice-best-path:main():lattice-best-path.cc:99) For utterance AWVU81A52L2LE-30845oPmjhTiG8TcV-1345, best cost 32.6089 + -110.718 = -78.1094 over 356 frames.
AWVU81A52L2LE-30845oPmjhTiG8TcV-1345 i drank water with lemon 
LOG (lattice-best-path:main():lattice-best-path.cc:99) For utterance AWVU81A52L2LE-30845oggWcTkvcyBE-996, best cost 57.3139 + -217.967 = -160.653 over 540 frames.
AWVU81A52L2LE-30845oggWcTkvcyBE-996 i had a mozzarella string cheese and two clementines 
LOG (lattice-best-path:main():lattice-best-path.cc:99) For utterance AYDDIDXTRHXZ5-30845ah3D7n0MBzhR-1570, best cost 24.1023 + -44.7594 = -20.6571 over 160 frames.
AYDDIDXTRHXZ5-30845ah3D7n0MBzhR-1570 i had a bowl of cereal 
LOG (lattice-best-path:main():lattice-best-path.cc:99) For utterance AYDDIDXTRHXZ5-30845mCckWnx1COY2-1548, best cost 41.9665 + -95.3201 = -53.3536 over 254 frames.
AYDDIDXTRHXZ5-30845mCckWnx1COY2-1548 i had two cups of white rice with butter 
LOG (lattice-best-path:main():lattice-best-path.cc:124) Overall score per frame is -0.24986 = 0.11301 [graph] + -0.36287 [acoustic] over 10686 frames.
LOG (lattice-best-path:main():lattice-best-path.cc:128) Done 23 lattices, failed for 0
# Finished at Thu Dec 10 21:10:30 EST 2015 with status 0
